gfortran -O1 -c caxpy.f
ar rv libblas.a caxpy.o
ar: creating libblas.a
a - caxpy.o
rm -f caxpy.o
gfortran -O1 -c ccopy.f
ar rv libblas.a ccopy.o
a - ccopy.o
rm -f ccopy.o
gfortran -O1 -c cdotc.f
ar rv libblas.a cdotc.o
a - cdotc.o
rm -f cdotc.o
gfortran -O1 -c cdotu.f
ar rv libblas.a cdotu.o
a - cdotu.o
rm -f cdotu.o
gfortran -O1 -c cgbmv.f
ar rv libblas.a cgbmv.o
a - cgbmv.o
rm -f cgbmv.o
gfortran -O1 -c cgemm.f
ar rv libblas.a cgemm.o
a - cgemm.o
rm -f cgemm.o
gfortran -O1 -c cgemv.f
ar rv libblas.a cgemv.o
a - cgemv.o
rm -f cgemv.o
gfortran -O1 -c cgerc.f
ar rv libblas.a cgerc.o
a - cgerc.o
rm -f cgerc.o
gfortran -O1 -c cgeru.f
ar rv libblas.a cgeru.o
a - cgeru.o
rm -f cgeru.o
gfortran -O1 -c chbmv.f
ar rv libblas.a chbmv.o
a - chbmv.o
rm -f chbmv.o
gfortran -O1 -c chemm.f
ar rv libblas.a chemm.o
a - chemm.o
rm -f chemm.o
gfortran -O1 -c chemv.f
ar rv libblas.a chemv.o
a - chemv.o
rm -f chemv.o
gfortran -O1 -c cher2.f
ar rv libblas.a cher2.o
a - cher2.o
rm -f cher2.o
gfortran -O1 -c cher2k.f
ar rv libblas.a cher2k.o
a - cher2k.o
rm -f cher2k.o
gfortran -O1 -c cher.f
ar rv libblas.a cher.o
a - cher.o
rm -f cher.o
gfortran -O1 -c cherk.f
ar rv libblas.a cherk.o
a - cherk.o
rm -f cherk.o
gfortran -O1 -c chpmv.f
ar rv libblas.a chpmv.o
a - chpmv.o
rm -f chpmv.o
gfortran -O1 -c chpr2.f
ar rv libblas.a chpr2.o
a - chpr2.o
rm -f chpr2.o
gfortran -O1 -c chpr.f
ar rv libblas.a chpr.o
a - chpr.o
rm -f chpr.o
gfortran -O1 -c crotg.f
ar rv libblas.a crotg.o
a - crotg.o
rm -f crotg.o
gfortran -O1 -c cscal.f
ar rv libblas.a cscal.o
a - cscal.o
rm -f cscal.o
gfortran -O1 -c csrot.f
ar rv libblas.a csrot.o
a - csrot.o
rm -f csrot.o
gfortran -O1 -c csscal.f
ar rv libblas.a csscal.o
a - csscal.o
rm -f csscal.o
gfortran -O1 -c cswap.f
ar rv libblas.a cswap.o
a - cswap.o
rm -f cswap.o
gfortran -O1 -c csymm.f
ar rv libblas.a csymm.o
a - csymm.o
rm -f csymm.o
gfortran -O1 -c csyr2k.f
ar rv libblas.a csyr2k.o
a - csyr2k.o
rm -f csyr2k.o
gfortran -O1 -c csyrk.f
ar rv libblas.a csyrk.o
a - csyrk.o
rm -f csyrk.o
gfortran -O1 -c ctbmv.f
ar rv libblas.a ctbmv.o
a - ctbmv.o
rm -f ctbmv.o
gfortran -O1 -c ctbsv.f
ar rv libblas.a ctbsv.o
a - ctbsv.o
rm -f ctbsv.o
gfortran -O1 -c ctpmv.f
ar rv libblas.a ctpmv.o
a - ctpmv.o
rm -f ctpmv.o
gfortran -O1 -c ctpsv.f
ar rv libblas.a ctpsv.o
a - ctpsv.o
rm -f ctpsv.o
gfortran -O1 -c ctrmm.f
ar rv libblas.a ctrmm.o
a - ctrmm.o
rm -f ctrmm.o
gfortran -O1 -c ctrmv.f
ar rv libblas.a ctrmv.o
a - ctrmv.o
rm -f ctrmv.o
gfortran -O1 -c ctrsm.f
ar rv libblas.a ctrsm.o
a - ctrsm.o
rm -f ctrsm.o
gfortran -O1 -c ctrsv.f
ar rv libblas.a ctrsv.o
a - ctrsv.o
rm -f ctrsv.o
gfortran -O1 -c dasum.f
ar rv libblas.a dasum.o
a - dasum.o
rm -f dasum.o
gfortran -O1 -c daxpy.f
ar rv libblas.a daxpy.o
a - daxpy.o
rm -f daxpy.o
gfortran -O1 -c dcabs1.f
ar rv libblas.a dcabs1.o
a - dcabs1.o
rm -f dcabs1.o
gfortran -O1 -c dcopy.f
ar rv libblas.a dcopy.o
a - dcopy.o
rm -f dcopy.o
gfortran -O1 -c ddot.f
ar rv libblas.a ddot.o
a - ddot.o
rm -f ddot.o
gfortran -O1 -c dgbmv.f
ar rv libblas.a dgbmv.o
a - dgbmv.o
rm -f dgbmv.o
gfortran -O1 -c dgemm.f
ar rv libblas.a dgemm.o
a - dgemm.o
rm -f dgemm.o
gfortran -O1 -c dgemv.f
ar rv libblas.a dgemv.o
a - dgemv.o
rm -f dgemv.o
gfortran -O1 -c dger.f
ar rv libblas.a dger.o
a - dger.o
rm -f dger.o
gfortran -O1 -c dnrm2.f
ar rv libblas.a dnrm2.o
a - dnrm2.o
rm -f dnrm2.o
gfortran -O1 -c drot.f
ar rv libblas.a drot.o
a - drot.o
rm -f drot.o
gfortran -O1 -c drotg.f
ar rv libblas.a drotg.o
a - drotg.o
rm -f drotg.o
gfortran -O1 -c drotm.f
 In file drotm.f:29

               IF(DFLAG) 50,10,30                                       
                                                                       1
Warning: Obsolete: arithmetic IF statement at (1)
 In file drotm.f:68

          IF(DFLAG)120,80,100                                           
                                                                       1
Warning: Obsolete: arithmetic IF statement at (1)
ar rv libblas.a drotm.o
a - drotm.o
rm -f drotm.o
gfortran -O1 -c drotmg.f
 In file drotmg.f:101

      GO TO IGO,(120,150,180,210)                                       
              1
Warning: Obsolete: Assigned GOTO statement at (1)
 In file drotmg.f:107

               ASSIGN 120 TO IGO                                        
                                                                       1
Warning: Obsolete: ASSIGN statement at (1)
 In file drotmg.f:119

               ASSIGN 150 TO IGO                                        
                                                                       1
Warning: Obsolete: ASSIGN statement at (1)
 In file drotmg.f:132

               ASSIGN 180 TO IGO                                        
                                                                       1
Warning: Obsolete: ASSIGN statement at (1)
 In file drotmg.f:143

               ASSIGN 210 TO IGO                                        
                                                                       1
Warning: Obsolete: ASSIGN statement at (1)
 In file drotmg.f:152

          IF(DFLAG)250,230,240                                          
                                                                       1
Warning: Obsolete: arithmetic IF statement at (1)
ar rv libblas.a drotmg.o
a - drotmg.o
rm -f drotmg.o
gfortran -O1 -c dsbmv.f
ar rv libblas.a dsbmv.o
a - dsbmv.o
rm -f dsbmv.o
gfortran -O1 -c dscal.f
ar rv libblas.a dscal.o
a - dscal.o
rm -f dscal.o
gfortran -O1 -c dsdot.f
ar rv libblas.a dsdot.o
a - dsdot.o
rm -f dsdot.o
gfortran -O1 -c dspmv.f
ar rv libblas.a dspmv.o
a - dspmv.o
rm -f dspmv.o
gfortran -O1 -c dspr2.f
ar rv libblas.a dspr2.o
a - dspr2.o
rm -f dspr2.o
gfortran -O1 -c dspr.f
ar rv libblas.a dspr.o
a - dspr.o
rm -f dspr.o
gfortran -O1 -c dswap.f
ar rv libblas.a dswap.o
a - dswap.o
rm -f dswap.o
gfortran -O1 -c dsymm.f
ar rv libblas.a dsymm.o
a - dsymm.o
rm -f dsymm.o
gfortran -O1 -c dsymv.f
ar rv libblas.a dsymv.o
a - dsymv.o
rm -f dsymv.o
gfortran -O1 -c dsyr2.f
ar rv libblas.a dsyr2.o
a - dsyr2.o
rm -f dsyr2.o
gfortran -O1 -c dsyr2k.f
ar rv libblas.a dsyr2k.o
a - dsyr2k.o
rm -f dsyr2k.o
gfortran -O1 -c dsyr.f
ar rv libblas.a dsyr.o
a - dsyr.o
rm -f dsyr.o
gfortran -O1 -c dsyrk.f
ar rv libblas.a dsyrk.o
a - dsyrk.o
rm -f dsyrk.o
gfortran -O1 -c dtbmv.f
ar rv libblas.a dtbmv.o
a - dtbmv.o
rm -f dtbmv.o
gfortran -O1 -c dtbsv.f
ar rv libblas.a dtbsv.o
a - dtbsv.o
rm -f dtbsv.o
gfortran -O1 -c dtpmv.f
ar rv libblas.a dtpmv.o
a - dtpmv.o
rm -f dtpmv.o
gfortran -O1 -c dtpsv.f
ar rv libblas.a dtpsv.o
a - dtpsv.o
rm -f dtpsv.o
gfortran -O1 -c dtrmm.f
ar rv libblas.a dtrmm.o
a - dtrmm.o
rm -f dtrmm.o
gfortran -O1 -c dtrmv.f
ar rv libblas.a dtrmv.o
a - dtrmv.o
rm -f dtrmv.o
gfortran -O1 -c dtrsm.f
ar rv libblas.a dtrsm.o
a - dtrsm.o
rm -f dtrsm.o
gfortran -O1 -c dtrsv.f
ar rv libblas.a dtrsv.o
a - dtrsv.o
rm -f dtrsv.o
gfortran -O1 -c dzasum.f
ar rv libblas.a dzasum.o
a - dzasum.o
rm -f dzasum.o
gfortran -O1 -c dznrm2.f
ar rv libblas.a dznrm2.o
a - dznrm2.o
rm -f dznrm2.o
gfortran -O1 -c icamax.f
ar rv libblas.a icamax.o
a - icamax.o
rm -f icamax.o
gfortran -O1 -c idamax.f
ar rv libblas.a idamax.o
a - idamax.o
rm -f idamax.o
gfortran -O1 -c isamax.f
ar rv libblas.a isamax.o
a - isamax.o
rm -f isamax.o
gfortran -O1 -c izamax.f
ar rv libblas.a izamax.o
a - izamax.o
rm -f izamax.o
gfortran -O1 -c lsame.f
ar rv libblas.a lsame.o
a - lsame.o
rm -f lsame.o
gfortran -O1 -c sasum.f
ar rv libblas.a sasum.o
a - sasum.o
rm -f sasum.o
gfortran -O1 -c saxpy.f
ar rv libblas.a saxpy.o
a - saxpy.o
rm -f saxpy.o
gfortran -O1 -c scasum.f
ar rv libblas.a scasum.o
a - scasum.o
rm -f scasum.o
gfortran -O1 -c scnrm2.f
ar rv libblas.a scnrm2.o
a - scnrm2.o
rm -f scnrm2.o
gfortran -O1 -c scopy.f
ar rv libblas.a scopy.o
a - scopy.o
rm -f scopy.o
gfortran -O1 -c sdot.f
ar rv libblas.a sdot.o
a - sdot.o
rm -f sdot.o
gfortran -O1 -c sdsdot.f
ar rv libblas.a sdsdot.o
a - sdsdot.o
rm -f sdsdot.o
gfortran -O1 -c sgbmv.f
ar rv libblas.a sgbmv.o
a - sgbmv.o
rm -f sgbmv.o
gfortran -O1 -c sgemm.f
ar rv libblas.a sgemm.o
a - sgemm.o
rm -f sgemm.o
gfortran -O1 -c sgemv.f
ar rv libblas.a sgemv.o
a - sgemv.o
rm -f sgemv.o
gfortran -O1 -c sger.f
ar rv libblas.a sger.o
a - sger.o
rm -f sger.o
gfortran -O1 -c snrm2.f
ar rv libblas.a snrm2.o
a - snrm2.o
rm -f snrm2.o
gfortran -O1 -c srot.f
ar rv libblas.a srot.o
a - srot.o
rm -f srot.o
gfortran -O1 -c srotg.f
ar rv libblas.a srotg.o
a - srotg.o
rm -f srotg.o
gfortran -O1 -c srotm.f
 In file srotm.f:27

               IF(SFLAG) 50,10,30                                       
                                                                       1
Warning: Obsolete: arithmetic IF statement at (1)
 In file srotm.f:66

          IF(SFLAG)120,80,100                                           
                                                                       1
Warning: Obsolete: arithmetic IF statement at (1)
ar rv libblas.a srotm.o
a - srotm.o
rm -f srotm.o
gfortran -O1 -c srotmg.f
 In file srotmg.f:98

      GO TO IGO,(120,150,180,210)                                       
              1
Warning: Obsolete: Assigned GOTO statement at (1)
 In file srotmg.f:104

               ASSIGN 120 TO IGO                                        
                                                                       1
Warning: Obsolete: ASSIGN statement at (1)
 In file srotmg.f:116

               ASSIGN 150 TO IGO                                        
                                                                       1
Warning: Obsolete: ASSIGN statement at (1)
 In file srotmg.f:129

               ASSIGN 180 TO IGO                                        
                                                                       1
Warning: Obsolete: ASSIGN statement at (1)
 In file srotmg.f:140

               ASSIGN 210 TO IGO                                        
                                                                       1
Warning: Obsolete: ASSIGN statement at (1)
 In file srotmg.f:149

          IF(SFLAG)250,230,240                                          
                                                                       1
Warning: Obsolete: arithmetic IF statement at (1)
ar rv libblas.a srotmg.o
a - srotmg.o
rm -f srotmg.o
gfortran -O1 -c ssbmv.f
ar rv libblas.a ssbmv.o
a - ssbmv.o
rm -f ssbmv.o
gfortran -O1 -c sscal.f
ar rv libblas.a sscal.o
a - sscal.o
rm -f sscal.o
gfortran -O1 -c sspmv.f
ar rv libblas.a sspmv.o
a - sspmv.o
rm -f sspmv.o
gfortran -O1 -c sspr2.f
ar rv libblas.a sspr2.o
a - sspr2.o
rm -f sspr2.o
gfortran -O1 -c sspr.f
ar rv libblas.a sspr.o
a - sspr.o
rm -f sspr.o
gfortran -O1 -c sswap.f
ar rv libblas.a sswap.o
a - sswap.o
rm -f sswap.o
gfortran -O1 -c ssymm.f
ar rv libblas.a ssymm.o
a - ssymm.o
rm -f ssymm.o
gfortran -O1 -c ssymv.f
ar rv libblas.a ssymv.o
a - ssymv.o
rm -f ssymv.o
gfortran -O1 -c ssyr2.f
ar rv libblas.a ssyr2.o
a - ssyr2.o
rm -f ssyr2.o
gfortran -O1 -c ssyr2k.f
ar rv libblas.a ssyr2k.o
a - ssyr2k.o
rm -f ssyr2k.o
gfortran -O1 -c ssyr.f
ar rv libblas.a ssyr.o
a - ssyr.o
rm -f ssyr.o
gfortran -O1 -c ssyrk.f
ar rv libblas.a ssyrk.o
a - ssyrk.o
rm -f ssyrk.o
gfortran -O1 -c stbmv.f
ar rv libblas.a stbmv.o
a - stbmv.o
rm -f stbmv.o
gfortran -O1 -c stbsv.f
ar rv libblas.a stbsv.o
a - stbsv.o
rm -f stbsv.o
gfortran -O1 -c stpmv.f
ar rv libblas.a stpmv.o
a - stpmv.o
rm -f stpmv.o
gfortran -O1 -c stpsv.f
ar rv libblas.a stpsv.o
a - stpsv.o
rm -f stpsv.o
gfortran -O1 -c strmm.f
ar rv libblas.a strmm.o
a - strmm.o
rm -f strmm.o
gfortran -O1 -c strmv.f
ar rv libblas.a strmv.o
a - strmv.o
rm -f strmv.o
gfortran -O1 -c strsm.f
ar rv libblas.a strsm.o
a - strsm.o
rm -f strsm.o
gfortran -O1 -c strsv.f
ar rv libblas.a strsv.o
a - strsv.o
rm -f strsv.o
gfortran -O1 -c xerbla.f
ar rv libblas.a xerbla.o
a - xerbla.o
rm -f xerbla.o
gfortran -O1 -c zaxpy.f
ar rv libblas.a zaxpy.o
a - zaxpy.o
rm -f zaxpy.o
gfortran -O1 -c zcopy.f
ar rv libblas.a zcopy.o
a - zcopy.o
rm -f zcopy.o
gfortran -O1 -c zdotc.f
ar rv libblas.a zdotc.o
a - zdotc.o
rm -f zdotc.o
gfortran -O1 -c zdotu.f
ar rv libblas.a zdotu.o
a - zdotu.o
rm -f zdotu.o
gfortran -O1 -c zdrot.f
ar rv libblas.a zdrot.o
a - zdrot.o
rm -f zdrot.o
gfortran -O1 -c zdscal.f
ar rv libblas.a zdscal.o
a - zdscal.o
rm -f zdscal.o
gfortran -O1 -c zgbmv.f
ar rv libblas.a zgbmv.o
a - zgbmv.o
rm -f zgbmv.o
gfortran -O1 -c zgemm.f
ar rv libblas.a zgemm.o
a - zgemm.o
rm -f zgemm.o
gfortran -O1 -c zgemv.f
ar rv libblas.a zgemv.o
a - zgemv.o
rm -f zgemv.o
gfortran -O1 -c zgerc.f
ar rv libblas.a zgerc.o
a - zgerc.o
rm -f zgerc.o
gfortran -O1 -c zgeru.f
ar rv libblas.a zgeru.o
a - zgeru.o
rm -f zgeru.o
gfortran -O1 -c zhbmv.f
ar rv libblas.a zhbmv.o
a - zhbmv.o
rm -f zhbmv.o
gfortran -O1 -c zhemm.f
ar rv libblas.a zhemm.o
a - zhemm.o
rm -f zhemm.o
gfortran -O1 -c zhemv.f
ar rv libblas.a zhemv.o
a - zhemv.o
rm -f zhemv.o
gfortran -O1 -c zher2.f
ar rv libblas.a zher2.o
a - zher2.o
rm -f zher2.o
gfortran -O1 -c zher2k.f
ar rv libblas.a zher2k.o
a - zher2k.o
rm -f zher2k.o
gfortran -O1 -c zher.f
ar rv libblas.a zher.o
a - zher.o
rm -f zher.o
gfortran -O1 -c zherk.f
ar rv libblas.a zherk.o
a - zherk.o
rm -f zherk.o
gfortran -O1 -c zhpmv.f
ar rv libblas.a zhpmv.o
a - zhpmv.o
rm -f zhpmv.o
gfortran -O1 -c zhpr2.f
ar rv libblas.a zhpr2.o
a - zhpr2.o
rm -f zhpr2.o
gfortran -O1 -c zhpr.f
ar rv libblas.a zhpr.o
a - zhpr.o
rm -f zhpr.o
gfortran -O1 -c zrotg.f
ar rv libblas.a zrotg.o
a - zrotg.o
rm -f zrotg.o
gfortran -O1 -c zscal.f
ar rv libblas.a zscal.o
a - zscal.o
rm -f zscal.o
gfortran -O1 -c zswap.f
ar rv libblas.a zswap.o
a - zswap.o
rm -f zswap.o
gfortran -O1 -c zsymm.f
ar rv libblas.a zsymm.o
a - zsymm.o
rm -f zsymm.o
gfortran -O1 -c zsyr2k.f
ar rv libblas.a zsyr2k.o
a - zsyr2k.o
rm -f zsyr2k.o
gfortran -O1 -c zsyrk.f
ar rv libblas.a zsyrk.o
a - zsyrk.o
rm -f zsyrk.o
gfortran -O1 -c ztbmv.f
ar rv libblas.a ztbmv.o
a - ztbmv.o
rm -f ztbmv.o
gfortran -O1 -c ztbsv.f
ar rv libblas.a ztbsv.o
a - ztbsv.o
rm -f ztbsv.o
gfortran -O1 -c ztpmv.f
ar rv libblas.a ztpmv.o
a - ztpmv.o
rm -f ztpmv.o
gfortran -O1 -c ztpsv.f
ar rv libblas.a ztpsv.o
a - ztpsv.o
rm -f ztpsv.o
gfortran -O1 -c ztrmm.f
ar rv libblas.a ztrmm.o
a - ztrmm.o
rm -f ztrmm.o
gfortran -O1 -c ztrmv.f
ar rv libblas.a ztrmv.o
a - ztrmv.o
rm -f ztrmv.o
gfortran -O1 -c ztrsm.f
ar rv libblas.a ztrsm.o
a - ztrsm.o
rm -f ztrsm.o
gfortran -O1 -c ztrsv.f
ar rv libblas.a ztrsv.o
a - ztrsv.o
rm -f ztrsv.o
