 XML_GET - tag found: first-tag
 XML_GET - number of attributes:           0
 XML_GET - number of data lines:           3
 first-tag                                                                      
   F
  1 ><
  2 >Some data<
  3 ><
 XML_GET - end of file found - LU-number:          11
 XML_GET - number of attributes:           0
 XML_GET - number of data lines:           1
 first-tag                                                                      
   T
  1 ><
 XML_CLOSE: Closing file with LU-number          11
 XML_OPEN: opened file tstparse.xml
 at LU-number:          11
 XML_GET - tag found: first-tag
 XML_GET - number of attributes:           1
 XML_GET - number of data lines:           3
 first-tag                                                                      
   F
  1 value=m/s
  1 ><
  2 >Some data<
  3 ><
 XML_GET - end of file found - LU-number:          11
 XML_GET - number of attributes:           0
 XML_GET - number of data lines:           1
 first-tag                                                                      
   T
  1 ><
 XML_CLOSE: Closing file with LU-number          11
 XML_OPEN: opened file tstparse.xml
 at LU-number:          11
 XML_GET - tag found: tag1
 XML_GET - number of attributes:           1
 XML_GET - number of data lines:           1
 tag1                                                                           
   T
  1 value=a
  1 ><
 XML_GET - tag found: tag2
 XML_GET - end of file found - LU-number:          11
 XML_GET - number of attributes:           1
 XML_GET - number of data lines:           1
 tag2                                                                           
   T
  1 value=b
  1 ><
 XML_CLOSE: Closing file with LU-number          11
 XML_OPEN: opened file tstparse.xml
 at LU-number:          11
 XML_GET - tag found: tag1
 XML_GET - number of attributes:           0
 XML_GET - number of data lines:           3
 tag1                                                                           
   F
  1 >ampersand &<
  2 >greater than >lower than <<
  3 ><
 XML_GET - end of file found - LU-number:          11
 XML_GET - number of attributes:           0
 XML_GET - number of data lines:           1
 tag1                                                                           
   T
  1 ><
 XML_CLOSE: Closing file with LU-number          11
 XML_OPEN: opened file tstparse.xml
 at LU-number:          11
 XML_GET - tag found: tag1
 XML_GET - number of attributes:           0
 XML_GET - number of data lines:           1
 tag1                                                                           
   F
  1 >ampersand<
 XML_GET - end of file found - LU-number:          11
 XML_GET - number of attributes:           0
 XML_GET - number of data lines:           1
 tag1                                                                           
   T
  1 ><
 XML_CLOSE: Closing file with LU-number          11
 XML_OPEN: opened file tstparse.xml
 at LU-number:          11
 XML_GET - tag found: tag1
 XML_GET - number of attributes:           0
 XML_GET - number of data lines:           1
 tag1                                                                           
   F
  1 >ampersand<
 XML_GET - number of attributes:           0
 XML_GET - number of data lines:           2
 tag1                                                                           
   T
  1 ><
  2 ><
 XML_GET - tag found: !--
 XML_GET - number of attributes:           0
 XML_GET - number of data lines:           1
 !--                                                                            
   F
  1 >This = true<
 XML_GET - number of attributes:           0
 XML_GET - number of data lines:           2
                                                                                
   T
  1 ><
  2 ><
 XML_GET - tag found: tag2
 XML_GET - number of attributes:           0
 XML_GET - number of data lines:           1
 tag2                                                                           
   F
  1 >last tag<
 XML_GET - end of file found - LU-number:          11
 XML_GET - number of attributes:           0
 XML_GET - number of data lines:           1
 tag2                                                                           
   T
  1 ><
 XML_CLOSE: Closing file with LU-number          11
