2	0.707107	0.090625	0.097656	-0.007031
2	0.707107	0.173205	0.169146	0.004059
2	0.707107	0.290625	0.292969	-0.002344
2	1.000000	0.156250	0.097656	0.058594
2	1.000000	0.173205	0.169146	0.004059
2	1.000000	0.356250	0.292969	0.063281
2	1.224745	0.090625	0.097656	-0.007031
2	1.224745	0.162380	0.169146	-0.006766
2	1.224745	0.290625	0.292969	-0.002344
2	1.414214	0.081250	0.097656	-0.016406
2	1.414214	0.162380	0.169146	-0.006766
2	1.414214	0.268750	0.292969	-0.024219
2	1.581139	0.090625	0.097656	-0.007031
2	1.581139	0.162380	0.169146	-0.006766
2	1.581139	0.290625	0.292969	-0.002344
2	1.732051	0.118750	0.097656	0.021094
2	1.732051	0.238157	0.169146	0.069011
2	1.732051	0.393750	0.292969	0.100781
3	0.707107	0.026563	0.030518	-0.003955
3	0.707107	0.046008	0.052858	-0.006850
3	0.707107	0.098438	0.091553	0.006885
3	0.707107	0.170499	0.158574	0.011925
3	1.000000	0.045313	0.030518	0.014795
3	1.000000	0.050067	0.052858	-0.002791
3	1.000000	0.086603	0.052858	0.033745
3	1.000000	0.096094	0.091553	0.004541
3	1.000000	0.112500	0.091553	0.020947
3	1.000000	0.192149	0.158574	0.033575
3	1.224745	0.026563	0.030518	-0.003955
3	1.224745	0.052773	0.052858	-0.000085
3	1.224745	0.093750	0.091553	0.002197
3	1.224745	0.043301	0.052858	-0.009557
3	1.224745	0.086719	0.091553	-0.004834
3	1.224745	0.154261	0.158574	-0.004313
3	1.224745	0.045313	0.030518	0.014795
3	1.224745	0.081190	0.052858	0.028332
3	1.224745	0.054127	0.052858	0.001269
3	1.224745	0.089063	0.091553	-0.002490
3	1.224745	0.048714	0.052858	-0.004144
3	1.224745	0.089063	0.091553	-0.002490
3	1.224745	0.107813	0.091553	0.016260
3	1.224745	0.189443	0.158574	0.030869
3	1.224745	0.026563	0.030518	-0.003955
3	1.224745	0.048714	0.052858	-0.004144
3	1.224745	0.054127	0.052858	0.001269
3	1.224745	0.093750	0.091553	0.002197
3	1.224745	0.098437	0.091553	0.006885
3	1.224745	0.156967	0.158574	-0.001607
3	1.224745	0.045312	0.030518	0.014795
3	1.224745	0.044654	0.052858	-0.008204
3	1.224745	0.103125	0.091553	0.011572
3	1.224745	0.083896	0.052858	0.031038
3	1.224745	0.091406	0.091553	-0.000146
3	1.224745	0.189443	0.158574	0.030869
3	1.224745	0.026563	0.030518	-0.003955
3	1.224745	0.043301	0.052858	-0.009557
3	1.224745	0.079687	0.091553	-0.011865
3	1.224745	0.162380	0.158574	0.003806
3	1.414214	0.021875	0.030518	-0.008643
3	1.414214	0.056833	0.052858	0.003975
3	1.414214	0.037889	0.052858	-0.014969
3	1.414214	0.089063	0.091553	-0.002490
3	1.414214	0.087500	0.091553	-0.004053
3	1.414214	0.140729	0.158574	-0.017845
3	1.414214	0.018359	0.030518	-0.012158
3	1.414214	0.046684	0.052858	-0.006174
3	1.414214	0.046684	0.052858	-0.006174
3	1.414214	0.083203	0.091553	-0.008350
3	1.414214	0.037212	0.052858	-0.015646
3	1.414214	0.074609	0.091553	-0.016943
3	1.414214	0.085547	0.091553	-0.006006
3	1.414214	0.141406	0.158574	-0.017168
3	1.414214	0.087500	0.030518	0.056982
3	1.414214	0.105547	0.052858	0.052689
3	1.414214	0.054127	0.052858	0.001269
3	1.414214	0.126563	0.091553	0.035010
3	1.414214	0.096875	0.091553	0.005322
3	1.414214	0.265220	0.158574	0.106646
3	1.414214	0.021875	0.030518	-0.008643
3	1.414214	0.051420	0.052858	-0.001438
3	1.414214	0.027063	0.052858	-0.025795
3	1.414214	0.079687	0.091553	-0.011865
3	1.414214	0.068750	0.091553	-0.022803
3	1.414214	0.140729	0.158574	-0.017845
3	1.414214	0.012500	0.030518	-0.018018
3	1.414214	0.043301	0.052858	-0.009557
3	1.414214	0.087500	0.091553	-0.004053
3	1.414214	0.129904	0.158574	-0.028670
3	1.581139	0.045313	0.030518	0.014795
3	1.581139	0.081190	0.052858	0.028332
3	1.581139	0.050067	0.052858	-0.002791
3	1.581139	0.086719	0.091553	-0.004834
3	1.581139	0.048714	0.052858	-0.004144
3	1.581139	0.098438	0.091553	0.006885
3	1.581139	0.105469	0.091553	0.013916
3	1.581139	0.193503	0.158574	0.034929
3	1.581139	0.018359	0.030518	-0.012158
3	1.581139	0.034506	0.052858	-0.018352
3	1.581139	0.054803	0.052858	0.001945
3	1.581139	0.085547	0.091553	-0.006006
3	1.581139	0.049391	0.052858	-0.003467
3	1.581139	0.090234	0.091553	-0.001318
3	1.581139	0.081641	0.091553	-0.009912
3	1.581139	0.141406	0.158574	-0.017168
3	1.581139	0.026563	0.030518	-0.003955
3	1.581139	0.040595	0.052858	-0.012263
3	1.581139	0.048714	0.052858	-0.004144
3	1.581139	0.084375	0.091553	-0.007178
3	1.581139	0.043301	0.052858	-0.009557
3	1.581139	0.089063	0.091553	-0.002490
3	1.581139	0.098438	0.091553	0.006885
3	1.581139	0.162380	0.158574	0.003806
3	1.581139	0.026563	0.030518	-0.003955
3	1.581139	0.044654	0.052858	-0.008204
3	1.581139	0.084375	0.091553	-0.007178
3	1.581139	0.043301	0.052858	-0.009557
3	1.581139	0.096094	0.091553	0.004541
3	1.581139	0.165086	0.158574	0.006512
3	1.581139	0.045313	0.030518	0.014795
3	1.581139	0.044654	0.052858	-0.008204
3	1.581139	0.112500	0.091553	0.020947
3	1.581139	0.092015	0.052858	0.039157
3	1.581139	0.096094	0.091553	0.004541
3	1.581139	0.186737	0.158574	0.028163
3	1.581139	0.026563	0.030518	-0.003955
3	1.581139	0.051420	0.052858	-0.001438
3	1.581139	0.043301	0.052858	-0.009557
3	1.581139	0.089063	0.091553	-0.002490
3	1.581139	0.047361	0.052858	-0.005497
3	1.581139	0.086719	0.091553	-0.004834
3	1.581139	0.077344	0.091553	-0.014209
3	1.581139	0.155614	0.158574	-0.002960
3	1.581139	0.018359	0.030518	-0.012158
3	1.581139	0.041272	0.052858	-0.011586
3	1.581139	0.037212	0.052858	-0.015646
3	1.581139	0.085547	0.091553	-0.006006
3	1.581139	0.045331	0.052858	-0.007527
3	1.581139	0.076172	0.091553	-0.015381
3	1.581139	0.076953	0.091553	-0.014600
3	1.581139	0.137346	0.158574	-0.021228
3	1.581139	0.014844	0.030518	-0.015674
3	1.581139	0.047361	0.052858	-0.005497
3	1.581139	0.075781	0.091553	-0.015771
3	1.581139	0.031123	0.052858	-0.021735
3	1.581139	0.086719	0.091553	-0.004834
3	1.581139	0.142082	0.158574	-0.016492
4	0.707107	0.010938	0.009537	0.001401
4	0.707107	0.006766	0.016518	-0.009752
4	0.707107	0.018750	0.028610	-0.009860
4	0.707107	0.060892	0.049554	0.011338
4	0.707107	0.126562	0.085831	0.040732
4	1.000000	0.015625	0.009537	0.006088
4	1.000000	0.018944	0.016518	0.002426
4	1.000000	0.023438	0.028610	-0.005173
4	1.000000	0.037500	0.028610	0.008890
4	1.000000	0.051420	0.049554	0.001866
4	1.000000	0.103125	0.085831	0.017294
4	1.000000	0.013281	0.009537	0.003745
4	1.000000	0.010825	0.016518	-0.005693
4	1.000000	0.020974	0.016518	0.004456
4	1.000000	0.024609	0.028610	-0.004001
4	1.000000	0.046875	0.028610	0.018265
4	1.000000	0.060892	0.049554	0.011338
4	1.000000	0.030469	0.028610	0.001859
4	1.000000	0.065628	0.049554	0.016074
4	1.000000	0.121875	0.085831	0.036044
4	1.224745	0.013281	0.009537	0.003745
4	1.224745	0.022327	0.016518	0.005809
4	1.224745	0.014208	0.016518	-0.002310
4	1.224745	0.025781	0.028610	-0.002829
4	1.224745	0.023680	0.016518	0.007162
4	1.224745	0.042188	0.028610	0.013577
4	1.224745	0.032813	0.028610	0.004202
4	1.224745	0.052097	0.049554	0.002542
4	1.224745	0.011502	0.016518	-0.005016
4	1.224745	0.025781	0.028610	-0.002829
4	1.224745	0.030469	0.028610	0.001859
4	1.224745	0.064275	0.049554	0.014721
4	1.224745	0.023438	0.028610	-0.005173
4	1.224745	0.046684	0.049554	-0.002870
4	1.224745	0.060216	0.049554	0.010661
4	1.224745	0.107812	0.085831	0.021982
4	1.224745	0.013281	0.009537	0.003745
4	1.224745	0.022327	0.016518	0.005809
4	1.224745	0.016915	0.016518	0.000396
4	1.224745	0.032813	0.028610	0.004202
4	1.224745	0.016238	0.016518	-0.000280
4	1.224745	0.029297	0.028610	0.000687
4	1.224745	0.031641	0.028610	0.003030
4	1.224745	0.059539	0.049554	0.009985
4	1.224745	0.023680	0.016518	0.007162
4	1.224745	0.044531	0.028610	0.015921
4	1.224745	0.025781	0.028610	-0.002829
4	1.224745	0.048037	0.049554	-0.001517
4	1.224745	0.022266	0.028610	-0.006345
4	1.224745	0.048714	0.049554	-0.000840
4	1.224745	0.058186	0.049554	0.008632
4	1.224745	0.104297	0.085831	0.018466
4	1.224745	0.010938	0.009537	0.001401
4	1.224745	0.014208	0.016518	-0.002310
4	1.224745	0.014885	0.016518	-0.001633
4	1.224745	0.033984	0.028610	0.005374
4	1.224745	0.030469	0.028610	0.001859
4	1.224745	0.064952	0.049554	0.015398
4	1.224745	0.013532	0.016518	-0.002986
4	1.224745	0.019922	0.028610	-0.008688
4	1.224745	0.021094	0.028610	-0.007516
4	1.224745	0.048037	0.049554	-0.001517
4	1.224745	0.052773	0.049554	0.003219
4	1.224745	0.089062	0.085831	0.003232
4	1.224745	0.010938	0.009537	0.001401
4	1.224745	0.016238	0.016518	-0.000280
4	1.224745	0.037500	0.028610	0.008890
4	1.224745	0.073071	0.049554	0.023517
4	1.224745	0.010825	0.016518	-0.005693
4	1.224745	0.014062	0.028610	-0.014548
4	1.224745	0.040595	0.049554	-0.008959
4	1.224745	0.084375	0.085831	-0.001456
4	1.224745	0.013281	0.009537	0.003745
4	1.224745	0.022327	0.016518	0.005809
4	1.224745	0.031123	0.016518	0.014605
4	1.224745	0.048047	0.028610	0.019437
4	1.224745	0.012855	0.016518	-0.003663
4	1.224745	0.028125	0.028610	-0.000485
4	1.224745	0.038672	0.028610	0.010062
4	1.224745	0.060892	0.049554	0.011338
4	1.224745	0.014208	0.016518	-0.002310
4	1.224745	0.028125	0.028610	-0.000485
4	1.224745	0.029297	0.028610	0.000687
4	1.224745	0.054127	0.049554	0.004572
4	1.224745	0.028125	0.028610	-0.000485
4	1.224745	0.064275	0.049554	0.014721
4	1.224745	0.063599	0.049554	0.014044
4	1.224745	0.108984	0.085831	0.023154
4	1.224745	0.010938	0.009537	0.001401
4	1.224745	0.012178	0.016518	-0.004340
4	1.224745	0.010825	0.016518	-0.005693
4	1.224745	0.023438	0.028610	-0.005173
4	1.224745	0.032813	0.028610	0.004202
4	1.224745	0.060892	0.049554	0.011338
4	1.224745	0.018750	0.028610	-0.009860
4	1.224745	0.054127	0.049554	0.004572
4	1.224745	0.103125	0.085831	0.017294
4	1.224745	0.015625	0.009537	0.006088
4	1.224745	0.022327	0.016518	0.005809
4	1.224745	0.023004	0.016518	0.006486
4	1.224745	0.026953	0.028610	-0.001657
4	1.224745	0.039844	0.028610	0.011234
4	1.224745	0.051420	0.049554	0.001866
4	1.224745	0.021651	0.016518	0.005133
4	1.224745	0.024609	0.028610	-0.004001
4	1.224745	0.039844	0.028610	0.011234
4	1.224745	0.052097	0.049554	0.002542
4	1.224745	0.050067	0.049554	0.000513
4	1.224745	0.103125	0.085831	0.017294
4	1.224745	0.013281	0.009537	0.003745
4	1.224745	0.012178	0.016518	-0.004340
4	1.224745	0.023004	0.016518	0.006486
4	1.224745	0.025781	0.028610	-0.002829
4	1.224745	0.025781	0.028610	-0.002829
4	1.224745	0.055480	0.049554	0.005925
4	1.224745	0.027740	0.016518	0.011222
4	1.224745	0.029297	0.028610	0.000687
4	1.224745	0.052734	0.028610	0.024124
4	1.224745	0.056156	0.049554	0.006602
4	1.224745	0.064275	0.049554	0.014721
4	1.224745	0.106641	0.085831	0.020810
4	1.224745	0.013281	0.009537	0.003745
4	1.224745	0.016238	0.016518	-0.000280
4	1.224745	0.025710	0.016518	0.009192
4	1.224745	0.025781	0.028610	-0.002829
4	1.224745	0.011502	0.016518	-0.005016
4	1.224745	0.033984	0.028610	0.005374
4	1.224745	0.022266	0.028610	-0.006345
4	1.224745	0.056156	0.049554	0.006602
4	1.224745	0.018944	0.016518	0.002426
4	1.224745	0.023438	0.028610	-0.005173
4	1.224745	0.042188	0.028610	0.013577
4	1.224745	0.044654	0.049554	-0.004900
4	1.224745	0.019922	0.028610	-0.008688
4	1.224745	0.052097	0.049554	0.002542
4	1.224745	0.046684	0.049554	-0.002870
4	1.224745	0.099609	0.085831	0.013779
4	1.224745	0.036719	0.009537	0.027182
4	1.224745	0.032476	0.016518	0.015958
4	1.224745	0.030469	0.028610	0.001859
4	1.224745	0.082031	0.028610	0.053421
4	1.224745	0.030469	0.028610	0.001859
4	1.224745	0.070365	0.049554	0.020810
4	1.224745	0.161719	0.085831	0.075888
4	1.224745	0.013281	0.009537	0.003745
4	1.224745	0.009472	0.016518	-0.007046
4	1.224745	0.021094	0.028610	-0.007516
4	1.224745	0.031799	0.016518	0.015281
4	1.224745	0.026953	0.028610	-0.001657
4	1.224745	0.052097	0.049554	0.002542
4	1.224745	0.056250	0.028610	0.027640
4	1.224745	0.056833	0.049554	0.007279
4	1.224745	0.093750	0.085831	0.007919
4	1.224745	0.015625	0.009537	0.006088
4	1.224745	0.017591	0.016518	0.001073
4	1.224745	0.042188	0.028610	0.013577
4	1.224745	0.018750	0.028610	-0.009860
4	1.224745	0.050067	0.049554	0.000513
4	1.224745	0.093750	0.085831	0.007919
4	1.224745	0.010938	0.009537	0.001401
4	1.224745	0.013532	0.016518	-0.002986
4	1.224745	0.018944	0.016518	0.002426
4	1.224745	0.028125	0.028610	-0.000485
4	1.224745	0.023438	0.028610	-0.005173
4	1.224745	0.046008	0.049554	-0.003547
4	1.224745	0.056833	0.049554	0.007279
4	1.224745	0.084375	0.085831	-0.001456
4	1.414214	0.006836	0.009537	-0.002701
4	1.414214	0.015223	0.016518	-0.001295
4	1.414214	0.011164	0.016518	-0.005355
4	1.414214	0.032227	0.028610	0.003616
4	1.414214	0.003721	0.016518	-0.012797
4	1.414214	0.026367	0.028610	-0.002243
4	1.414214	0.021680	0.028610	-0.006931
4	1.414214	0.051759	0.049554	0.002204
4	1.414214	0.014547	0.016518	-0.001972
4	1.414214	0.020898	0.028610	-0.007712
4	1.414214	0.026367	0.028610	-0.002243
4	1.414214	0.050405	0.049554	0.000851
4	1.414214	0.020508	0.028610	-0.008102
4	1.414214	0.047022	0.049554	-0.002532
4	1.414214	0.047022	0.049554	-0.002532
4	1.414214	0.084961	0.085831	-0.000870
4	1.414214	0.005078	0.009537	-0.004459
4	1.414214	0.010149	0.016518	-0.006369
4	1.414214	0.010149	0.016518	-0.006369
4	1.414214	0.026953	0.028610	-0.001657
4	1.414214	0.033984	0.028610	0.005374
4	1.414214	0.054803	0.049554	0.005249
4	1.414214	0.004736	0.016518	-0.011782
4	1.414214	0.007422	0.028610	-0.021188
4	1.414214	0.022266	0.028610	-0.006345
4	1.414214	0.041272	0.049554	-0.008283
4	1.414214	0.054803	0.049554	0.005249
4	1.414214	0.087891	0.085831	0.002060
4	1.414214	0.012695	0.009537	0.003159
4	1.414214	0.027402	0.016518	0.010883
4	1.414214	0.011164	0.016518	-0.005355
4	1.414214	0.024023	0.028610	-0.004587
4	1.414214	0.031055	0.028610	0.002444
4	1.414214	0.064614	0.049554	0.015059
4	1.414214	0.028078	0.016518	0.011560
4	1.414214	0.054883	0.028610	0.026273
4	1.414214	0.022852	0.028610	-0.005759
4	1.414214	0.050405	0.049554	0.000851
4	1.414214	0.061231	0.049554	0.011676
4	1.414214	0.106055	0.085831	0.020224
4	1.414214	0.005078	0.009537	-0.004459
4	1.414214	0.014208	0.016518	-0.002310
4	1.414214	0.009472	0.016518	-0.007046
4	1.414214	0.021094	0.028610	-0.007516
4	1.414214	0.026953	0.028610	-0.001657
4	1.414214	0.035859	0.049554	-0.013696
4	1.414214	0.004736	0.016518	-0.011782
4	1.414214	0.014453	0.028610	-0.014157
4	1.414214	0.018750	0.028610	-0.009860
4	1.414214	0.035182	0.049554	-0.014372
4	1.414214	0.050744	0.049554	0.001189
4	1.414214	0.078516	0.085831	-0.007315
4	1.414214	0.027344	0.009537	0.017807
4	1.414214	0.034506	0.016518	0.017988
4	1.414214	0.043301	0.016518	0.026783
4	1.414214	0.055078	0.028610	0.026468
4	1.414214	0.014885	0.016518	-0.001633
4	1.414214	0.041016	0.028610	0.012405
4	1.414214	0.023438	0.028610	-0.005173
4	1.414214	0.065628	0.049554	0.016074
4	1.414214	0.025000	0.028610	-0.003610
4	1.414214	0.050067	0.049554	0.000513
4	1.414214	0.075777	0.049554	0.026223
4	1.414214	0.138281	0.085831	0.052451
4	1.414214	0.025586	0.009537	0.016049
4	1.414214	0.035521	0.016518	0.019002
4	1.414214	0.047699	0.016518	0.031181
4	1.414214	0.055664	0.028610	0.027054
4	1.414214	0.013870	0.016518	-0.002648
4	1.414214	0.039258	0.028610	0.010648
4	1.414214	0.032227	0.028610	0.003616
4	1.414214	0.064614	0.049554	0.015059
4	1.414214	0.026725	0.016518	0.010207
4	1.414214	0.025586	0.028610	-0.003024
4	1.414214	0.056836	0.028610	0.028226
4	1.414214	0.050405	0.049554	0.000851
4	1.414214	0.033398	0.028610	0.004788
4	1.414214	0.074762	0.049554	0.025208
4	1.414214	0.069350	0.049554	0.019795
4	1.414214	0.142383	0.085831	0.056552
4	1.414214	0.025586	0.009537	0.016049
4	1.414214	0.031461	0.016518	0.014943
4	1.414214	0.049052	0.016518	0.032534
4	1.414214	0.055664	0.028610	0.027054
4	1.414214	0.011164	0.016518	-0.005355
4	1.414214	0.036914	0.028610	0.008304
4	1.414214	0.029883	0.028610	0.001273
4	1.414214	0.067320	0.049554	0.017766
4	1.414214	0.030784	0.016518	0.014266
4	1.414214	0.025586	0.028610	-0.003024
4	1.414214	0.054492	0.028610	0.025882
4	1.414214	0.050405	0.049554	0.000851
4	1.414214	0.031055	0.028610	0.002444
4	1.414214	0.074762	0.049554	0.025208
4	1.414214	0.065290	0.049554	0.015736
4	1.414214	0.142383	0.085831	0.056552
4	1.414214	0.071875	0.009537	0.062338
4	1.414214	0.073071	0.016518	0.056553
4	1.414214	0.107813	0.028610	0.079202
4	1.414214	0.043750	0.028610	0.015140
4	1.414214	0.132610	0.049554	0.083056
4	1.414214	0.309375	0.085831	0.223544
4	1.414214	0.005078	0.009537	-0.004459
4	1.414214	0.009472	0.016518	-0.007046
4	1.414214	0.012178	0.016518	-0.004340
4	1.414214	0.017578	0.028610	-0.011032
4	1.414214	0.031641	0.028610	0.003030
4	1.414214	0.031641	0.028610	0.003030
4	1.414214	0.054127	0.049554	0.004572
4	1.414214	0.014453	0.028610	-0.014157
4	1.414214	0.043301	0.049554	-0.006253
4	1.414214	0.083203	0.085831	-0.002628
4	1.414214	0.007422	0.009537	-0.002115
4	1.414214	0.019621	0.016518	0.003103
4	1.414214	0.012178	0.016518	-0.004340
4	1.414214	0.018750	0.028610	-0.009860
4	1.414214	0.023438	0.028610	-0.005173
4	1.414214	0.029297	0.028610	0.000687
4	1.414214	0.043978	0.049554	-0.005577
4	1.414214	0.028516	0.028610	-0.000095
4	1.414214	0.031123	0.049554	-0.018432
4	1.414214	0.078516	0.085831	-0.007315
4	1.414214	0.005078	0.009537	-0.004459
4	1.414214	0.011502	0.016518	-0.005016
4	1.414214	0.011502	0.016518	-0.005016
4	1.414214	0.017578	0.028610	-0.011032
4	1.414214	0.022266	0.028610	-0.006345
4	1.414214	0.024609	0.028610	-0.004001
4	1.414214	0.042625	0.049554	-0.006930
4	1.414214	0.021484	0.028610	-0.007126
4	1.414214	0.037212	0.049554	-0.012342
4	1.414214	0.073828	0.085831	-0.012003
4	1.414214	-0.000781	0.009537	-0.010318
4	1.414214	0.005413	0.016518	-0.011105
4	1.414214	0.007031	0.028610	-0.021579
4	1.414214	0.016406	0.028610	-0.012204
4	1.414214	0.017969	0.028610	-0.010641
4	1.414214	0.027063	0.049554	-0.022491
4	1.414214	0.058594	0.085831	-0.027237
4	1.414214	0.006836	0.009537	-0.002701
4	1.414214	0.011840	0.016518	-0.004678
4	1.414214	0.004398	0.016518	-0.012120
4	1.414214	0.019336	0.028610	-0.009274
4	1.414214	0.017253	0.016518	0.000735
4	1.414214	0.027539	0.028610	-0.001071
4	1.414214	0.019336	0.028610	-0.009274
4	1.414214	0.041610	0.049554	-0.007945
4	1.414214	0.016576	0.016518	0.000058
4	1.414214	0.018555	0.028610	-0.010056
4	1.414214	0.025195	0.028610	-0.003415
4	1.414214	0.040933	0.049554	-0.008621
4	1.414214	0.033398	0.028610	0.004788
4	1.414214	0.036197	0.049554	-0.013357
4	1.414214	0.044993	0.049554	-0.004562
4	1.414214	0.070898	0.085831	-0.014932
4	1.414214	0.010938	0.009537	0.001401
4	1.414214	0.025710	0.016518	0.009192
4	1.414214	0.010825	0.016518	-0.005693
4	1.414214	0.030469	0.028610	0.001859
4	1.414214	0.005413	0.016518	-0.011105
4	1.414214	0.025781	0.028610	-0.002829
4	1.414214	0.032813	0.028610	0.004202
4	1.414214	0.074424	0.049554	0.024870
4	1.414214	0.053125	0.028610	0.024515
4	1.414214	0.046008	0.049554	-0.003547
4	1.414214	0.046008	0.049554	-0.003547
4	1.414214	0.112500	0.085831	0.026669
4	1.414214	0.027344	0.009537	0.017807
4	1.414214	0.031799	0.016518	0.015281
4	1.414214	0.012178	0.016518	-0.004340
4	1.414214	0.036328	0.028610	0.007718
4	1.414214	0.043301	0.016518	0.026783
4	1.414214	0.055078	0.028610	0.026468
4	1.414214	0.018750	0.028610	-0.009860
4	1.414214	0.060216	0.049554	0.010661
4	1.414214	0.015625	0.028610	-0.012985
4	1.414214	0.067658	0.049554	0.018104
4	1.414214	0.050067	0.049554	0.000513
4	1.414214	0.133594	0.085831	0.047763
4	1.414214	0.000391	0.009537	-0.009146
4	1.414214	0.013532	0.016518	-0.002986
4	1.414214	0.006089	0.016518	-0.010429
4	1.414214	0.025781	0.028610	-0.002829
4	1.414214	0.004736	0.016518	-0.011782
4	1.414214	0.022656	0.028610	-0.005954
4	1.414214	0.012891	0.028610	-0.015720
4	1.414214	0.043301	0.049554	-0.006253
4	1.414214	0.023828	0.028610	-0.004782
4	1.414214	0.043978	0.049554	-0.005577
4	1.414214	0.026387	0.049554	-0.023168
4	1.414214	0.064453	0.085831	-0.021378
4	1.414214	0.000391	0.009537	-0.009146
4	1.414214	0.011502	0.016518	-0.005016
4	1.414214	0.003383	0.016518	-0.013135
4	1.414214	0.010547	0.028610	-0.018063
4	1.414214	0.008796	0.016518	-0.007723
4	1.414214	0.026172	0.028610	-0.002438
4	1.414214	0.022266	0.028610	-0.006345
4	1.414214	0.041272	0.049554	-0.008283
4	1.414214	0.007422	0.028610	-0.021188
4	1.414214	0.018268	0.049554	-0.031287
4	1.414214	0.039918	0.049554	-0.009636
4	1.414214	0.064453	0.085831	-0.021378
4	1.414214	0.053125	0.009537	0.043588
4	1.414214	0.070365	0.016518	0.053846
4	1.414214	0.018944	0.016518	0.002426
4	1.414214	0.051562	0.028610	0.022952
4	1.414214	0.081250	0.028610	0.052640
4	1.414214	0.116372	0.049554	0.066818
4	1.414214	0.064952	0.049554	0.015398
4	1.414214	0.239062	0.085831	0.153232
4	1.414214	-0.003125	0.009537	-0.012662
4	1.414214	0.010825	0.016518	-0.005693
4	1.414214	0.034375	0.028610	0.005765
4	1.414214	0.064952	0.049554	0.015398
4	1.414214	0.084375	0.085831	-0.001456
4	1.581139	0.025586	0.009537	0.016049
4	1.581139	0.041610	0.016518	0.025092
4	1.581139	0.033491	0.016518	0.016973
4	1.581139	0.053320	0.028610	0.024710
4	1.581139	0.011840	0.016518	-0.004678
4	1.581139	0.020508	0.028610	-0.008102
4	1.581139	0.039258	0.028610	0.010648
4	1.581139	0.062584	0.049554	0.013029
4	1.581139	0.032814	0.016518	0.016296
4	1.581139	0.056836	0.028610	0.028226
4	1.581139	0.025586	0.028610	-0.003024
4	1.581139	0.052435	0.049554	0.002881
4	1.581139	0.035742	0.028610	0.007132
4	1.581139	0.067320	0.049554	0.017766
4	1.581139	0.072733	0.049554	0.023178
4	1.581139	0.140039	0.085831	0.054208
4	1.581139	0.013281	0.009537	0.003745
4	1.581139	0.024357	0.016518	0.007839
4	1.581139	0.022327	0.016518	0.005809
4	1.581139	0.043359	0.028610	0.014749
4	1.581139	0.012855	0.016518	-0.003663
4	1.581139	0.026953	0.028610	-0.001657
4	1.581139	0.028125	0.028610	-0.000485
4	1.581139	0.052773	0.049554	0.003219
4	1.581139	0.013532	0.016518	-0.002986
4	1.581139	0.028125	0.028610	-0.000485
4	1.581139	0.024609	0.028610	-0.004001
4	1.581139	0.054803	0.049554	0.005249
4	1.581139	0.024609	0.028610	-0.004001
4	1.581139	0.060216	0.049554	0.010661
4	1.581139	0.062246	0.049554	0.012691
4	1.581139	0.112500	0.085831	0.026669
4	1.581139	0.013281	0.009537	0.003745
4	1.581139	0.020297	0.016518	0.003779
4	1.581139	0.039844	0.028610	0.011234
4	1.581139	0.010825	0.016518	-0.005693
4	1.581139	0.023438	0.028610	-0.005173
4	1.581139	0.048714	0.049554	-0.000840
4	1.581139	0.013532	0.016518	-0.002986
4	1.581139	0.028125	0.028610	-0.000485
4	1.581139	0.062246	0.049554	0.012691
4	1.581139	0.030469	0.028610	0.001859
4	1.581139	0.066305	0.049554	0.016751
4	1.581139	0.119531	0.085831	0.033701
4	1.581139	0.005078	0.009537	-0.004459
4	1.581139	0.004059	0.016518	-0.012459
4	1.581139	0.008119	0.016518	-0.008399
4	1.581139	0.022266	0.028610	-0.006345
4	1.581139	0.014208	0.016518	-0.002310
4	1.581139	0.021094	0.028610	-0.007516
4	1.581139	0.030469	0.028610	0.001859
4	1.581139	0.050744	0.049554	0.001189
4	1.581139	0.010825	0.016518	-0.005693
4	1.581139	0.015234	0.028610	-0.013376
4	1.581139	0.024609	0.028610	-0.004001
4	1.581139	0.048714	0.049554	-0.000840
4	1.581139	0.017969	0.028610	-0.010641
4	1.581139	0.041272	0.049554	-0.008283
4	1.581139	0.053450	0.049554	0.003896
4	1.581139	0.089062	0.085831	0.003232
4	1.581139	0.005078	0.009537	-0.004459
4	1.581139	0.004059	0.016518	-0.012459
4	1.581139	0.007442	0.016518	-0.009076
4	1.581139	0.016406	0.028610	-0.012204
4	1.581139	0.013532	0.016518	-0.002986
4	1.581139	0.022266	0.028610	-0.006345
4	1.581139	0.028125	0.028610	-0.000485
4	1.581139	0.048037	0.049554	-0.001517
4	1.581139	0.014885	0.016518	-0.001633
4	1.581139	0.029297	0.028610	0.000687
4	1.581139	0.025781	0.028610	-0.002829
4	1.581139	0.043978	0.049554	-0.005577
4	1.581139	0.019141	0.028610	-0.009470
4	1.581139	0.051420	0.049554	0.001866
4	1.581139	0.045331	0.049554	-0.004223
4	1.581139	0.084375	0.085831	-0.001456
4	1.581139	0.010937	0.009537	0.001401
4	1.581139	0.006089	0.016518	-0.010429
4	1.581139	0.011719	0.028610	-0.016891
4	1.581139	0.012178	0.016518	-0.004340
4	1.581139	0.022266	0.028610	-0.006345
4	1.581139	0.048714	0.049554	-0.000840
4	1.581139	0.010825	0.016518	-0.005693
4	1.581139	0.019922	0.028610	-0.008688
4	1.581139	0.050067	0.049554	0.000513
4	1.581139	0.025781	0.028610	-0.002829
4	1.581139	0.062922	0.049554	0.013368
4	1.581139	0.107812	0.085831	0.021982
4	1.581139	0.010937	0.009537	0.001401
4	1.581139	0.010149	0.016518	-0.006369
4	1.581139	0.015561	0.016518	-0.000957
4	1.581139	0.023438	0.028610	-0.005173
4	1.581139	0.013532	0.016518	-0.002986
4	1.581139	0.019922	0.028610	-0.008688
4	1.581139	0.024609	0.028610	-0.004001
4	1.581139	0.046008	0.049554	-0.003547
4	1.581139	0.012855	0.016518	-0.003663
4	1.581139	0.030469	0.028610	0.001859
4	1.581139	0.025781	0.028610	-0.002829
4	1.581139	0.052097	0.049554	0.002542
4	1.581139	0.022266	0.028610	-0.006345
4	1.581139	0.048714	0.049554	-0.000840
4	1.581139	0.059539	0.049554	0.009985
4	1.581139	0.090234	0.085831	0.004404
4	1.581139	0.013281	0.009537	0.003745
4	1.581139	0.024357	0.016518	0.007839
4	1.581139	0.012178	0.016518	-0.004340
4	1.581139	0.021094	0.028610	-0.007516
4	1.581139	0.025781	0.028610	-0.002829
4	1.581139	0.051420	0.049554	0.001866
4	1.581139	0.025034	0.016518	0.008515
4	1.581139	0.048047	0.028610	0.019437
4	1.581139	0.029297	0.028610	0.000687
4	1.581139	0.054803	0.049554	0.005249
4	1.581139	0.064275	0.049554	0.014721
4	1.581139	0.111328	0.085831	0.025497
4	1.581139	0.013281	0.009537	0.003745
4	1.581139	0.022327	0.016518	0.005809
4	1.581139	0.010149	0.016518	-0.006369
4	1.581139	0.021094	0.028610	-0.007516
4	1.581139	0.030469	0.028610	0.001859
4	1.581139	0.061569	0.049554	0.012015
4	1.581139	0.023004	0.016518	0.006486
4	1.581139	0.055078	0.028610	0.026468
4	1.581139	0.026953	0.028610	-0.001657
4	1.581139	0.062246	0.049554	0.012691
4	1.581139	0.060892	0.049554	0.011338
4	1.581139	0.113672	0.085831	0.027841
4	1.581139	0.036719	0.009537	0.027182
4	1.581139	0.030446	0.016518	0.013928
4	1.581139	0.031123	0.016518	0.014605
4	1.581139	0.029297	0.028610	0.000687
4	1.581139	0.083203	0.028610	0.054593
4	1.581139	0.030469	0.028610	0.001859
4	1.581139	0.073747	0.049554	0.024193
4	1.581139	0.032813	0.028610	0.004202
4	1.581139	0.082543	0.049554	0.032989
4	1.581139	0.173437	0.085831	0.087607
4	1.581139	0.009180	0.009537	-0.000357
4	1.581139	0.007104	0.016518	-0.009414
4	1.581139	0.027402	0.016518	0.010883
4	1.581139	0.032227	0.028610	0.003616
4	1.581139	0.009810	0.016518	-0.006708
4	1.581139	0.011133	0.028610	-0.017477
4	1.581139	0.032227	0.028610	0.003616
4	1.581139	0.048376	0.049554	-0.001179
4	1.581139	0.024695	0.016518	0.008177
4	1.581139	0.032227	0.028610	0.003616
4	1.581139	0.031445	0.028610	0.002835
4	1.581139	0.044316	0.049554	-0.005238
4	1.581139	0.027539	0.028610	-0.001071
4	1.581139	0.051082	0.049554	0.001528
4	1.581139	0.038903	0.049554	-0.010651
4	1.581139	0.082617	0.085831	-0.003214
4	1.581139	0.013281	0.009537	0.003745
4	1.581139	0.010149	0.016518	-0.006369
4	1.581139	0.026387	0.016518	0.009869
4	1.581139	0.028125	0.028610	-0.000485
4	1.581139	0.014885	0.016518	-0.001633
4	1.581139	0.033984	0.028610	0.005374
4	1.581139	0.029297	0.028610	0.000687
4	1.581139	0.059539	0.049554	0.009985
4	1.581139	0.023680	0.016518	0.007162
4	1.581139	0.028125	0.028610	-0.000485
4	1.581139	0.046875	0.028610	0.018265
4	1.581139	0.058863	0.049554	0.009308
4	1.581139	0.024609	0.028610	-0.004001
4	1.581139	0.062246	0.049554	0.012691
4	1.581139	0.054127	0.049554	0.004572
4	1.581139	0.104297	0.085831	0.018466
4	1.581139	0.013281	0.009537	0.003745
4	1.581139	0.014208	0.016518	-0.002310
4	1.581139	0.021651	0.016518	0.005133
4	1.581139	0.024609	0.028610	-0.004001
4	1.581139	0.014208	0.016518	-0.002310
4	1.581139	0.028125	0.028610	-0.000485
4	1.581139	0.024609	0.028610	-0.004001
4	1.581139	0.058186	0.049554	0.008632
4	1.581139	0.025710	0.016518	0.009192
4	1.581139	0.031641	0.028610	0.003030
4	1.581139	0.044531	0.028610	0.015921
4	1.581139	0.056156	0.049554	0.006602
4	1.581139	0.026953	0.028610	-0.001657
4	1.581139	0.062246	0.049554	0.012691
4	1.581139	0.050744	0.049554	0.001189
4	1.581139	0.107812	0.085831	0.021982
4	1.581139	0.025586	0.009537	0.016049
4	1.581139	0.011164	0.016518	-0.005355
4	1.581139	0.030784	0.016518	0.014266
4	1.581139	0.042773	0.028610	0.014163
4	1.581139	0.033491	0.016518	0.016973
4	1.581139	0.035742	0.028610	0.007132
4	1.581139	0.022070	0.028610	-0.006540
4	1.581139	0.080852	0.049554	0.031297
4	1.581139	0.047022	0.016518	0.030504
4	1.581139	0.026367	0.028610	-0.002243
4	1.581139	0.055664	0.028610	0.027054
4	1.581139	0.065967	0.049554	0.016412
4	1.581139	0.062695	0.028610	0.034085
4	1.581139	0.071379	0.049554	0.021825
4	1.581139	0.050405	0.049554	0.000851
4	1.581139	0.135352	0.085831	0.049521
4	1.581139	0.015625	0.009537	0.006088
4	1.581139	0.016238	0.016518	-0.000280
4	1.581139	0.018944	0.016518	0.002426
4	1.581139	0.018750	0.028610	-0.009860
4	1.581139	0.037500	0.028610	0.008890
4	1.581139	0.051420	0.049554	0.001866
4	1.581139	0.025710	0.016518	0.009192
4	1.581139	0.028125	0.028610	-0.000485
4	1.581139	0.044531	0.028610	0.015921
4	1.581139	0.054127	0.049554	0.004572
4	1.581139	0.052773	0.049554	0.003219
4	1.581139	0.100781	0.085831	0.014951
4	1.581139	0.005664	0.009537	-0.003873
4	1.581139	0.005074	0.016518	-0.011444
4	1.581139	0.022666	0.016518	0.006147
4	1.581139	0.024023	0.028610	-0.004587
4	1.581139	0.002368	0.016518	-0.014150
4	1.581139	0.014648	0.028610	-0.013962
4	1.581139	0.028711	0.028610	0.000101
4	1.581139	0.061231	0.049554	0.011676
4	1.581139	0.028078	0.016518	0.011560
4	1.581139	0.031055	0.028610	0.002444
4	1.581139	0.039648	0.028610	0.011038
4	1.581139	0.042286	0.049554	-0.007268
4	1.581139	0.031055	0.028610	0.002444
4	1.581139	0.047699	0.049554	-0.001855
4	1.581139	0.047699	0.049554	-0.001855
4	1.581139	0.079102	0.085831	-0.006729
4	1.581139	0.013281	0.009537	0.003745
4	1.581139	0.010149	0.016518	-0.006369
4	1.581139	0.023680	0.016518	0.007162
4	1.581139	0.021094	0.028610	-0.007516
4	1.581139	0.015561	0.016518	-0.000957
4	1.581139	0.028125	0.028610	-0.000485
4	1.581139	0.023438	0.028610	-0.005173
4	1.581139	0.060216	0.049554	0.010661
4	1.581139	0.025034	0.016518	0.008515
4	1.581139	0.030469	0.028610	0.001859
4	1.581139	0.046875	0.028610	0.018265
4	1.581139	0.046684	0.049554	-0.002870
4	1.581139	0.025781	0.028610	-0.002829
4	1.581139	0.054803	0.049554	0.005249
4	1.581139	0.053450	0.049554	0.003896
4	1.581139	0.103125	0.085831	0.017294
4	1.581139	0.005078	0.009537	-0.004459
4	1.581139	0.011502	0.016518	-0.005016
4	1.581139	0.015561	0.016518	-0.000957
4	1.581139	0.022266	0.028610	-0.006345
4	1.581139	0.009472	0.016518	-0.007046
4	1.581139	0.023438	0.028610	-0.005173
4	1.581139	0.025781	0.028610	-0.002829
4	1.581139	0.048714	0.049554	-0.000840
4	1.581139	0.011502	0.016518	-0.005016
4	1.581139	0.029297	0.028610	0.000687
4	1.581139	0.021484	0.028610	-0.007126
4	1.581139	0.045331	0.049554	-0.004223
4	1.581139	0.023438	0.028610	-0.005173
4	1.581139	0.052773	0.049554	0.003219
4	1.581139	0.039242	0.049554	-0.010313
4	1.581139	0.079687	0.085831	-0.006143
4	1.581139	0.010937	0.009537	0.001401
4	1.581139	0.009472	0.016518	-0.007046
4	1.581139	0.016238	0.016518	-0.000280
4	1.581139	0.023438	0.028610	-0.005173
4	1.581139	0.025781	0.028610	-0.002829
4	1.581139	0.028125	0.028610	-0.000485
4	1.581139	0.054127	0.049554	0.004572
4	1.581139	0.023438	0.028610	-0.005173
4	1.581139	0.052773	0.049554	0.003219
4	1.581139	0.089062	0.085831	0.003232
4	1.581139	0.005078	0.009537	-0.004459
4	1.581139	0.007442	0.016518	-0.009076
4	1.581139	0.013532	0.016518	-0.002986
4	1.581139	0.023438	0.028610	-0.005173
4	1.581139	0.013532	0.016518	-0.002986
4	1.581139	0.028125	0.028610	-0.000485
4	1.581139	0.021484	0.028610	-0.007126
4	1.581139	0.049391	0.049554	-0.000164
4	1.581139	-0.000677	0.016518	-0.017195
4	1.581139	0.019922	0.028610	-0.008688
4	1.581139	0.018750	0.028610	-0.009860
4	1.581139	0.054127	0.049554	0.004572
4	1.581139	0.014063	0.028610	-0.014548
4	1.581139	0.048714	0.049554	-0.000840
4	1.581139	0.041272	0.049554	-0.008283
4	1.581139	0.087891	0.085831	0.002060
4	1.581139	0.010937	0.009537	0.001401
4	1.581139	0.011502	0.016518	-0.005016
4	1.581139	0.015561	0.016518	-0.000957
4	1.581139	0.023438	0.028610	-0.005173
4	1.581139	0.023438	0.028610	-0.005173
4	1.581139	0.021094	0.028610	-0.007516
4	1.581139	0.046684	0.049554	-0.002870
4	1.581139	0.030469	0.028610	0.001859
4	1.581139	0.050744	0.049554	0.001189
4	1.581139	0.084375	0.085831	-0.001456
4	1.581139	0.013281	0.009537	0.003745
4	1.581139	0.009472	0.016518	-0.007046
4	1.581139	0.025781	0.028610	-0.002829
4	1.581139	0.027740	0.016518	0.011222
4	1.581139	0.029297	0.028610	0.000687
4	1.581139	0.072394	0.049554	0.022840
4	1.581139	0.017591	0.016518	0.001073
4	1.581139	0.016406	0.028610	-0.012204
4	1.581139	0.052773	0.049554	0.003219
4	1.581139	0.050391	0.028610	0.021780
4	1.581139	0.054803	0.049554	0.005249
4	1.581139	0.108984	0.085831	0.023154
4	1.581139	0.010938	0.009537	0.001401
4	1.581139	0.014885	0.016518	-0.001633
4	1.581139	0.015561	0.016518	-0.000957
4	1.581139	0.022266	0.028610	-0.006345
4	1.581139	0.018268	0.016518	0.001750
4	1.581139	0.033984	0.028610	0.005374
4	1.581139	0.028125	0.028610	-0.000485
4	1.581139	0.056833	0.049554	0.007279
4	1.581139	0.011502	0.016518	-0.005016
4	1.581139	0.022266	0.028610	-0.006345
4	1.581139	0.025781	0.028610	-0.002829
4	1.581139	0.047361	0.049554	-0.002194
4	1.581139	0.030469	0.028610	0.001859
4	1.581139	0.048714	0.049554	-0.000840
4	1.581139	0.048037	0.049554	-0.001517
4	1.581139	0.083203	0.085831	-0.002628
4	1.581139	0.006836	0.009537	-0.002701
4	1.581139	0.009810	0.016518	-0.006708
4	1.581139	0.016576	0.016518	0.000058
4	1.581139	0.027539	0.028610	-0.001071
4	1.581139	0.013193	0.016518	-0.003325
4	1.581139	0.021680	0.028610	-0.006931
4	1.581139	0.024023	0.028610	-0.004587
4	1.581139	0.051759	0.049554	0.002204
4	1.581139	0.014547	0.016518	-0.001972
4	1.581139	0.024023	0.028610	-0.004587
4	1.581139	0.018555	0.028610	-0.010056
4	1.581139	0.042286	0.049554	-0.007268
4	1.581139	0.029883	0.028610	0.001273
4	1.581139	0.045669	0.049554	-0.003885
4	1.581139	0.047022	0.049554	-0.002532
4	1.581139	0.077930	0.085831	-0.007901
4	1.581139	0.005078	0.009537	-0.004459
4	1.581139	0.006766	0.016518	-0.009752
4	1.581139	0.012855	0.016518	-0.003663
4	1.581139	0.021094	0.028610	-0.007516
4	1.581139	0.007442	0.016518	-0.009076
4	1.581139	0.021094	0.028610	-0.007516
4	1.581139	0.024609	0.028610	-0.004001
4	1.581139	0.055480	0.049554	0.005925
4	1.581139	0.013532	0.016518	-0.002986
4	1.581139	0.022266	0.028610	-0.006345
4	1.581139	0.015625	0.028610	-0.012985
4	1.581139	0.037212	0.049554	-0.012342
4	1.581139	0.028125	0.028610	-0.000485
4	1.581139	0.042625	0.049554	-0.006930
4	1.581139	0.043301	0.049554	-0.006253
4	1.581139	0.076172	0.085831	-0.009659
4	1.581139	0.013281	0.009537	0.003745
4	1.581139	0.020974	0.016518	0.004456
4	1.581139	0.011502	0.016518	-0.005016
4	1.581139	0.018750	0.028610	-0.009860
4	1.581139	0.014208	0.016518	-0.002310
4	1.581139	0.032813	0.028610	0.004202
4	1.581139	0.030469	0.028610	0.001859
4	1.581139	0.052097	0.049554	0.002542
4	1.581139	0.017591	0.016518	0.001073
4	1.581139	0.043359	0.028610	0.014749
4	1.581139	0.019922	0.028610	-0.008688
4	1.581139	0.047361	0.049554	-0.002194
4	1.581139	0.024609	0.028610	-0.004001
4	1.581139	0.052773	0.049554	0.003219
4	1.581139	0.058186	0.049554	0.008632
4	1.581139	0.106641	0.085831	0.020810
4	1.581139	0.006836	0.009537	-0.002701
4	1.581139	0.001691	0.016518	-0.014827
4	1.581139	0.011840	0.016518	-0.004678
4	1.581139	0.014648	0.028610	-0.013962
4	1.581139	0.016576	0.016518	0.000058
4	1.581139	0.025195	0.028610	-0.003415
4	1.581139	0.018555	0.028610	-0.010056
4	1.581139	0.040933	0.049554	-0.008621
4	1.581139	0.012517	0.016518	-0.004001
4	1.581139	0.013477	0.028610	-0.015134
4	1.581139	0.021680	0.028610	-0.006931
4	1.581139	0.038227	0.049554	-0.011327
4	1.581139	0.032227	0.028610	0.003616
4	1.581139	0.041610	0.049554	-0.007945
4	1.581139	0.038227	0.049554	-0.011327
4	1.581139	0.076758	0.085831	-0.009073
4	1.581139	0.010938	0.009537	0.001401
4	1.581139	0.014885	0.016518	-0.001633
4	1.581139	0.010825	0.016518	-0.005693
4	1.581139	0.018750	0.028610	-0.009860
4	1.581139	0.015561	0.016518	-0.000957
4	1.581139	0.033984	0.028610	0.005374
4	1.581139	0.017578	0.028610	-0.011032
4	1.581139	0.054803	0.049554	0.005249
4	1.581139	0.013532	0.016518	-0.002986
4	1.581139	0.025781	0.028610	-0.002829
4	1.581139	0.016406	0.028610	-0.012204
4	1.581139	0.039242	0.049554	-0.010313
4	1.581139	0.026953	0.028610	-0.001657
4	1.581139	0.050744	0.049554	0.001189
4	1.581139	0.034506	0.049554	-0.015049
4	1.581139	0.087891	0.085831	0.002060
4	1.581139	0.013281	0.009537	0.003745
4	1.581139	0.021651	0.016518	0.005133
4	1.581139	0.016915	0.016518	0.000396
4	1.581139	0.031641	0.028610	0.003030
4	1.581139	0.023680	0.016518	0.007162
4	1.581139	0.045703	0.028610	0.017093
4	1.581139	0.025781	0.028610	-0.002829
4	1.581139	0.050067	0.049554	0.000513
4	1.581139	0.015561	0.016518	-0.000957
4	1.581139	0.026953	0.028610	-0.001657
4	1.581139	0.028125	0.028610	-0.000485
4	1.581139	0.054127	0.049554	0.004572
4	1.581139	0.021094	0.028610	-0.007516
4	1.581139	0.051420	0.049554	0.001866
4	1.581139	0.052097	0.049554	0.002542
4	1.581139	0.106641	0.085831	0.020810
4	1.581139	0.010938	0.009537	0.001401
4	1.581139	0.017591	0.016518	0.001073
4	1.581139	0.037500	0.028610	0.008890
4	1.581139	0.010825	0.016518	-0.005693
4	1.581139	0.018750	0.028610	-0.009860
4	1.581139	0.048714	0.049554	-0.000840
4	1.581139	0.014885	0.016518	-0.001633
4	1.581139	0.032813	0.028610	0.004202
4	1.581139	0.058186	0.049554	0.008632
4	1.581139	0.011719	0.028610	-0.016891
4	1.581139	0.039242	0.049554	-0.010313
4	1.581139	0.082031	0.085831	-0.003799
4	1.581139	0.013281	0.009537	0.003745
4	1.581139	0.015561	0.016518	-0.000957
4	1.581139	0.014208	0.016518	-0.002310
4	1.581139	0.032813	0.028610	0.004202
4	1.581139	0.025034	0.016518	0.008515
4	1.581139	0.028125	0.028610	-0.000485
4	1.581139	0.023438	0.028610	-0.005173
4	1.581139	0.056156	0.049554	0.006602
4	1.581139	0.021651	0.016518	0.005133
4	1.581139	0.026953	0.028610	-0.001657
4	1.581139	0.024609	0.028610	-0.004001
4	1.581139	0.058186	0.049554	0.008632
4	1.581139	0.041016	0.028610	0.012405
4	1.581139	0.051420	0.049554	0.001866
4	1.581139	0.040595	0.049554	-0.008959
4	1.581139	0.104297	0.085831	0.018466
4	1.581139	0.005078	0.009537	-0.004459
4	1.581139	0.010825	0.016518	-0.005693
4	1.581139	0.011502	0.016518	-0.005016
4	1.581139	0.025781	0.028610	-0.002829
4	1.581139	0.011502	0.016518	-0.005016
4	1.581139	0.025781	0.028610	-0.002829
4	1.581139	0.017578	0.028610	-0.011032
4	1.581139	0.044654	0.049554	-0.004900
4	1.581139	0.010825	0.016518	-0.005693
4	1.581139	0.017578	0.028610	-0.011032
4	1.581139	0.022656	0.028610	-0.005954
4	1.581139	0.033153	0.049554	-0.016402
4	1.581139	0.021094	0.028610	-0.007516
4	1.581139	0.041272	0.049554	-0.008283
4	1.581139	0.039242	0.049554	-0.010313
4	1.581139	0.069141	0.085831	-0.016690
4	1.581139	0.005078	0.009537	-0.004459
4	1.581139	0.010825	0.016518	-0.005693
4	1.581139	0.010825	0.016518	-0.005693
4	1.581139	0.024609	0.028610	-0.004001
4	1.581139	0.026953	0.028610	-0.001657
4	1.581139	0.017578	0.028610	-0.011032
4	1.581139	0.043301	0.049554	-0.006253
4	1.581139	0.023828	0.028610	-0.004782
4	1.581139	0.035182	0.049554	-0.014372
4	1.581139	0.064453	0.085831	-0.021378
4	1.581139	0.010937	0.009537	0.001401
4	1.581139	0.016915	0.016518	0.000396
4	1.581139	0.028125	0.028610	-0.000485
4	1.581139	0.021094	0.028610	-0.007516
4	1.581139	0.041272	0.049554	-0.008283
4	1.581139	0.075000	0.085831	-0.010831
4	1.581139	0.013281	0.009537	0.003745
4	1.581139	0.027063	0.016518	0.010545
4	1.581139	0.009472	0.016518	-0.007046
4	1.581139	0.028125	0.028610	-0.000485
4	1.581139	0.021094	0.028610	-0.007516
4	1.581139	0.054127	0.049554	0.004572
4	1.581139	0.029093	0.016518	0.012575
4	1.581139	0.052734	0.028610	0.024124
4	1.581139	0.022266	0.028610	-0.006345
4	1.581139	0.053450	0.049554	0.003896
4	1.581139	0.052097	0.049554	0.002542
4	1.581139	0.097266	0.085831	0.011435
4	1.581139	0.025586	0.009537	0.016049
4	1.581139	0.044993	0.016518	0.028475
4	1.581139	0.013870	0.016518	-0.002648
4	1.581139	0.027539	0.028610	-0.001071
4	1.581139	0.026725	0.016518	0.010207
4	1.581139	0.056836	0.028610	0.028226
4	1.581139	0.033398	0.028610	0.004788
4	1.581139	0.069350	0.049554	0.019795
4	1.581139	0.030784	0.016518	0.014266
4	1.581139	0.049805	0.028610	0.021194
4	1.581139	0.035742	0.028610	0.007132
4	1.581139	0.057171	0.049554	0.007617
4	1.581139	0.026758	0.028610	-0.001852
4	1.581139	0.048376	0.049554	-0.001179
4	1.581139	0.076792	0.049554	0.027238
4	1.581139	0.138867	0.085831	0.053036
4	1.581139	-0.001367	0.009537	-0.010904
4	1.581139	0.004398	0.016518	-0.012120
4	1.581139	0.012517	0.016518	-0.004001
4	1.581139	0.024023	0.028610	-0.004587
4	1.581139	0.001691	0.016518	-0.014827
4	1.581139	0.014648	0.028610	-0.013962
4	1.581139	0.020898	0.028610	-0.007712
4	1.581139	0.048376	0.049554	-0.001179
4	1.581139	0.011840	0.016518	-0.004678
4	1.581139	0.022852	0.028610	-0.005759
4	1.581139	0.024414	0.028610	-0.004196
4	1.581139	0.038227	0.049554	-0.011327
4	1.581139	0.022070	0.028610	-0.006540
4	1.581139	0.042286	0.049554	-0.007268
4	1.581139	0.031461	0.049554	-0.018093
4	1.581139	0.061523	0.085831	-0.024307
4	1.581139	0.005078	0.009537	-0.004459
4	1.581139	0.005413	0.016518	-0.011105
4	1.581139	0.012178	0.016518	-0.004340
4	1.581139	0.026953	0.028610	-0.001657
4	1.581139	0.009472	0.016518	-0.007046
4	1.581139	0.024609	0.028610	-0.004001
4	1.581139	0.017578	0.028610	-0.011032
4	1.581139	0.046008	0.049554	-0.003547
4	1.581139	0.008796	0.016518	-0.007723
4	1.581139	0.018750	0.028610	-0.009860
4	1.581139	0.028125	0.028610	-0.000485
4	1.581139	0.050744	0.049554	0.001189
4	1.581139	0.015625	0.028610	-0.012985
4	1.581139	0.041272	0.049554	-0.008283
4	1.581139	0.049391	0.049554	-0.000164
4	1.581139	0.079687	0.085831	-0.006143
4	1.581139	0.003320	0.009537	-0.006216
4	1.581139	0.004398	0.016518	-0.012120
4	1.581139	0.004398	0.016518	-0.012120
4	1.581139	0.016992	0.028610	-0.011618
4	1.581139	0.009810	0.016518	-0.006708
4	1.581139	0.026367	0.028610	-0.002243
4	1.581139	0.016992	0.028610	-0.011618
4	1.581139	0.049729	0.049554	0.000174
4	1.581139	0.013870	0.016518	-0.002648
4	1.581139	0.024023	0.028610	-0.004587
4	1.581139	0.024023	0.028610	-0.004587
4	1.581139	0.042963	0.049554	-0.006591
4	1.581139	0.016211	0.028610	-0.012399
4	1.581139	0.048376	0.049554	-0.001179
4	1.581139	0.045669	0.049554	-0.003885
4	1.581139	0.088477	0.085831	0.002646
4	1.581139	0.005078	0.009537	-0.004459
4	1.581139	0.005413	0.016518	-0.011105
4	1.581139	0.022266	0.028610	-0.006345
4	1.581139	0.008796	0.016518	-0.007723
4	1.581139	0.021094	0.028610	-0.007516
4	1.581139	0.018750	0.028610	-0.009860
4	1.581139	0.042625	0.049554	-0.006930
4	1.581139	0.016797	0.028610	-0.011813
4	1.581139	0.047361	0.049554	-0.002194
4	1.581139	0.076172	0.085831	-0.009659
4	1.581139	0.007422	0.009537	-0.002115
4	1.581139	0.007442	0.016518	-0.009076
4	1.581139	0.008119	0.016518	-0.008399
4	1.581139	0.025781	0.028610	-0.002829
4	1.581139	0.012855	0.016518	-0.003663
4	1.581139	0.017578	0.028610	-0.011032
4	1.581139	0.014063	0.028610	-0.014548
4	1.581139	0.050067	0.049554	0.000513
4	1.581139	0.017591	0.016518	0.001073
4	1.581139	0.016406	0.028610	-0.012204
4	1.581139	0.017578	0.028610	-0.011032
4	1.581139	0.039918	0.049554	-0.009636
4	1.581139	0.029687	0.028610	0.001077
4	1.581139	0.035182	0.049554	-0.014372
4	1.581139	0.037212	0.049554	-0.012342
4	1.581139	0.080859	0.085831	-0.004971
4	1.581139	0.012695	0.009537	0.003159
4	1.581139	0.008457	0.016518	-0.008061
4	1.581139	0.031055	0.028610	0.002444
4	1.581139	0.028078	0.016518	0.011560
4	1.581139	0.022852	0.028610	-0.005759
4	1.581139	0.061231	0.049554	0.011676
4	1.581139	0.034167	0.016518	0.017649
4	1.581139	0.024023	0.028610	-0.004587
4	1.581139	0.065967	0.049554	0.016412
4	1.581139	0.057227	0.028610	0.028616
4	1.581139	0.050405	0.049554	0.000851
4	1.581139	0.108398	0.085831	0.022568
4	1.581139	0.006836	0.009537	-0.002701
4	1.581139	0.011840	0.016518	-0.004678
4	1.581139	0.005751	0.016518	-0.010767
4	1.581139	0.007617	0.028610	-0.020993
4	1.581139	0.011840	0.016518	-0.004678
4	1.581139	0.027539	0.028610	-0.001071
4	1.581139	0.012305	0.028610	-0.016306
4	1.581139	0.037550	0.049554	-0.012004
4	1.581139	0.019959	0.016518	0.003441
4	1.581139	0.022852	0.028610	-0.005759
4	1.581139	0.024023	0.028610	-0.004587
4	1.581139	0.036197	0.049554	-0.013357
4	1.581139	0.019727	0.028610	-0.008884
4	1.581139	0.034167	0.049554	-0.015387
4	1.581139	0.038903	0.049554	-0.010651
4	1.581139	0.079102	0.085831	-0.006729
4	1.581139	0.005078	0.009537	-0.004459
4	1.581139	0.011502	0.016518	-0.005016
4	1.581139	0.018268	0.016518	0.001750
4	1.581139	0.029297	0.028610	0.000687
4	1.581139	0.009472	0.016518	-0.007046
4	1.581139	0.018750	0.028610	-0.009860
4	1.581139	0.028125	0.028610	-0.000485
4	1.581139	0.046008	0.049554	-0.003547
4	1.581139	0.014885	0.016518	-0.001633
4	1.581139	0.021094	0.028610	-0.007516
4	1.581139	0.025000	0.028610	-0.003610
4	1.581139	0.047361	0.049554	-0.002194
4	1.581139	0.026953	0.028610	-0.001657
4	1.581139	0.045331	0.049554	-0.004223
4	1.581139	0.045331	0.049554	-0.004223
4	1.581139	0.078516	0.085831	-0.007315
4	1.581139	0.005078	0.009537	-0.004459
4	1.581139	0.009472	0.016518	-0.007046
4	1.581139	0.011502	0.016518	-0.005016
4	1.581139	0.023438	0.028610	-0.005173
4	1.581139	0.004736	0.016518	-0.011782
4	1.581139	0.014063	0.028610	-0.014548
4	1.581139	0.012109	0.028610	-0.016501
4	1.581139	0.035182	0.049554	-0.014372
4	1.581139	0.010825	0.016518	-0.005693
4	1.581139	0.029297	0.028610	0.000687
4	1.581139	0.025781	0.028610	-0.002829
4	1.581139	0.048037	0.049554	-0.001517
4	1.581139	0.023438	0.028610	-0.005173
4	1.581139	0.053450	0.049554	0.003896
4	1.581139	0.043301	0.049554	-0.006253
4	1.581139	0.080859	0.085831	-0.004971
4	1.581139	-0.000781	0.009537	-0.010318
4	1.581139	0.009472	0.016518	-0.007046
4	1.581139	0.030469	0.028610	0.001859
4	1.581139	0.017969	0.028610	-0.010641
4	1.581139	0.035156	0.028610	0.006546
4	1.581139	0.055480	0.049554	0.005925
4	1.581139	0.086719	0.085831	0.000888
4	1.581139	0.000977	0.009537	-0.008560
4	1.581139	0.013870	0.016518	-0.002648
4	1.581139	-0.000338	0.016518	-0.016856
4	1.581139	0.020508	0.028610	-0.008102
4	1.581139	0.016576	0.016518	0.000058
4	1.581139	0.018555	0.028610	-0.010056
4	1.581139	0.020508	0.028610	-0.008102
4	1.581139	0.036874	0.049554	-0.012681
4	1.581139	0.006428	0.016518	-0.010091
4	1.581139	0.022852	0.028610	-0.005759
4	1.581139	-0.000195	0.028610	-0.028806
4	1.581139	0.028078	0.049554	-0.021476
4	1.581139	0.027539	0.028610	-0.001071
4	1.581139	0.021989	0.049554	-0.027565
4	1.581139	0.036197	0.049554	-0.013357
4	1.581139	0.055664	0.085831	-0.030167
4	1.581139	-0.000781	0.009537	-0.010318
4	1.581139	0.004736	0.016518	-0.011782
4	1.581139	0.005413	0.016518	-0.011105
4	1.581139	0.019922	0.028610	-0.008688
4	1.581139	0.019141	0.028610	-0.009470
4	1.581139	0.021094	0.028610	-0.007516
4	1.581139	0.045331	0.049554	-0.004223
4	1.581139	0.014063	0.028610	-0.014548
4	1.581139	0.043301	0.049554	-0.006253
4	1.581139	0.079687	0.085831	-0.006143
4	1.581139	-0.003125	0.009537	-0.012662
4	1.581139	0.010825	0.016518	-0.005693
4	1.581139	0.025000	0.028610	-0.003610
4	1.581139	-0.001353	0.016518	-0.017871
4	1.581139	0.020313	0.028610	-0.008298
4	1.581139	0.036535	0.049554	-0.013019
4	1.581139	0.002706	0.016518	-0.013812
4	1.581139	0.021094	0.028610	-0.007516
4	1.581139	0.032476	0.049554	-0.017078
4	1.581139	0.016406	0.028610	-0.012204
4	1.581139	0.047361	0.049554	-0.002194
4	1.581139	0.058594	0.085831	-0.027237
4	1.581139	-0.000781	0.009537	-0.010318
4	1.581139	0.009472	0.016518	-0.007046
4	1.581139	0.008119	0.016518	-0.008399
4	1.581139	0.030469	0.028610	0.001859
4	1.581139	0.017969	0.028610	-0.010641
4	1.581139	0.046008	0.049554	-0.003547
4	1.581139	0.010825	0.016518	-0.005693
4	1.581139	0.035156	0.028610	0.006546
4	1.581139	0.017969	0.028610	-0.010641
4	1.581139	0.055480	0.049554	0.005925
4	1.581139	0.064952	0.049554	0.015398
4	1.581139	0.086719	0.085831	0.000888
4	1.581139	0.003320	0.009537	-0.006216
4	1.581139	0.010487	0.016518	-0.006031
4	1.581139	0.006428	0.016518	-0.010091
4	1.581139	0.021680	0.028610	-0.006931
4	1.581139	0.011840	0.016518	-0.004678
4	1.581139	0.018555	0.028610	-0.010056
4	1.581139	0.019336	0.028610	-0.009274
4	1.581139	0.034167	0.049554	-0.015387
4	1.581139	0.005751	0.016518	-0.010767
4	1.581139	0.027539	0.028610	-0.001071
4	1.581139	0.022852	0.028610	-0.005759
4	1.581139	0.049729	0.049554	0.000174
4	1.581139	0.022852	0.028610	-0.005759
4	1.581139	0.041610	0.049554	-0.007945
4	1.581139	0.052435	0.049554	0.002881
4	1.581139	0.077930	0.085831	-0.007901
4	1.581139	0.023828	0.009537	0.014291
4	1.581139	0.031799	0.016518	0.015281
4	1.581139	0.008796	0.016518	-0.007723
4	1.581139	0.033984	0.028610	0.005374
4	1.581139	0.026172	0.028610	-0.002438
4	1.581139	0.069688	0.049554	0.020134
4	1.581139	0.039918	0.016518	0.023400
4	1.581139	0.055078	0.028610	0.026468
4	1.581139	0.017578	0.028610	-0.011032
4	1.581139	0.064275	0.049554	0.014721
4	1.581139	0.054803	0.049554	0.005249
4	1.581139	0.141797	0.085831	0.055966
4	1.581139	0.010938	0.009537	0.001401
4	1.581139	0.009472	0.016518	-0.007046
4	1.581139	0.018750	0.028610	-0.009860
4	1.581139	0.023438	0.028610	-0.005173
4	1.581139	0.058186	0.049554	0.008632
4	1.581139	0.107812	0.085831	0.021982
Objective_function= -2.990316
